[INFO] Scanning for projects...
[INFO] 
[INFO] ------------------------< com.uniflow:uniflow >-------------------------
[INFO] Building UniFlow System 1.0.0
[INFO]   from pom.xml
[INFO] --------------------------------[ jar ]---------------------------------
[INFO] 
[INFO] --- resources:3.3.1:resources (default-resources) @ uniflow ---
[INFO] Copying 3 resources from src\main\resources to target\classes
[INFO] Copying 0 resource from src\main\resources to target\classes
[INFO] 
[INFO] --- compiler:3.13.0:compile (default-compile) @ uniflow ---
[INFO] Recompiling the module because of changed source code.
[INFO] Compiling 64 source files with javac [debug parameters release 21] to target\classes
[INFO] -------------------------------------------------------------
[ERROR] COMPILATION ERROR : 
[INFO] -------------------------------------------------------------
[ERROR] /C:/Users/bonface/Documents/uniflow/uniflow-backend/src/main/java/com/uniflow/servlet/VenueServlet.java:[4,13] unnamed classes are a preview feature and are disabled by default.
  (use --enable-preview to enable unnamed classes)
[ERROR] /C:/Users/bonface/Documents/uniflow/uniflow-backend/src/main/java/com/uniflow/servlet/VenueServlet.java:[52,1] class, interface, enum, or record expected
[INFO] 2 errors 
[INFO] -------------------------------------------------------------
[INFO] ------------------------------------------------------------------------
[INFO] BUILD FAILURE
[INFO] ------------------------------------------------------------------------
[INFO] Total time:  4.808 s
[INFO] Finished at: 2026-04-05T14:53:34+03:00
[INFO] ------------------------------------------------------------------------
[ERROR] Failed to execute goal org.apache.maven.plugins:maven-compiler-plugin:3.13.0:compile (default-compile) on project uniflow: Compilation failure: Compilation failure: 
[ERROR] /C:/Users/bonface/Documents/uniflow/uniflow-backend/src/main/java/com/uniflow/servlet/VenueServlet.java:[4,13] unnamed classes are a preview feature and are disabled by default.
[ERROR]   (use --enable-preview to enable unnamed classes)
[ERROR] /C:/Users/bonface/Documents/uniflow/uniflow-backend/src/main/java/com/uniflow/servlet/VenueServlet.java:[52,1] class, interface, enum, or record expected
[ERROR] -> [Help 1]
[ERROR] 
[ERROR] To see the full stack trace of the errors, re-run Maven with the -e switch.
[ERROR] Re-run Maven using the -X switch to enable full debug logging.
[ERROR] 
[ERROR] For more information about the errors and possible solutions, please read the following articles:
[ERROR] [Help 1] http://cwiki.apache.org/confluence/display/MAVEN/MojoFailureException
