2026-04-05 14:25:47 [main] INFO  com.uniflow.UniflowApplication - Starting UniflowApplication using Java 21.0.10 with PID 12428 (C:\Users\bonface\Documents\uniflow\uniflow-backend\target\classes started by bonface in C:\Users\bonface\Documents\uniflow\uniflow-backend)
2026-04-05 14:25:47 [main] DEBUG com.uniflow.UniflowApplication - Running with Spring Boot v3.2.4, Spring v6.1.5
2026-04-05 14:25:47 [main] INFO  com.uniflow.UniflowApplication - No active profile set, falling back to 1 default profile: "default"
2026-04-05 14:25:48 [main] WARN  o.s.b.w.s.c.AnnotationConfigServletWebServerApplicationContext - Exception encountered during context initialization - cancelling refresh attempt: org.springframework.beans.factory.support.BeanDefinitionOverrideException: Invalid bean definition with name 'authServlet' defined in class path resource [com/uniflow/config/ServletConfig.class]: Cannot register bean definition [Root bean: class [null]; scope=; abstract=false; lazyInit=null; autowireMode=3; dependencyCheck=0; autowireCandidate=true; primary=false; factoryBeanName=servletConfig; factoryMethodName=authServlet; initMethodNames=null; destroyMethodNames=[(inferred)]; defined in class path resource [com/uniflow/config/ServletConfig.class]] for bean 'authServlet' since there is already [Generic bean: class [com.uniflow.servlet.AuthServlet]; scope=singleton; abstract=false; lazyInit=null; autowireMode=0; dependencyCheck=0; autowireCandidate=true; primary=false; factoryBeanName=null; factoryMethodName=null; initMethodNames=null; destroyMethodNames=null; defined in file [C:\Users\bonface\Documents\uniflow\uniflow-backend\target\classes\com\uniflow\servlet\AuthServlet.class]] bound.
2026-04-05 14:25:48 [main] INFO  o.s.b.a.l.ConditionEvaluationReportLogger - 

Error starting ApplicationContext. To display the condition evaluation report re-run your application with 'debug' enabled.
2026-04-05 14:25:48 [main] ERROR o.s.b.d.LoggingFailureAnalysisReporter - 

***************************
APPLICATION FAILED TO START
***************************

Description:

The bean 'authServlet', defined in class path resource [com/uniflow/config/ServletConfig.class], could not be registered. A bean with that name has already been defined in file [C:\Users\bonface\Documents\uniflow\uniflow-backend\target\classes\com\uniflow\servlet\AuthServlet.class] and overriding is disabled.

Action:

Consider renaming one of the beans or enabling overriding by setting spring.main.allow-bean-definition-overriding=true

2026-04-05 14:33:39 [main] INFO  com.uniflow.UniflowApplication - Starting UniflowApplication using Java 21.0.10 with PID 7488 (C:\Users\bonface\Documents\uniflow\uniflow-backend\target\classes started by bonface in C:\Users\bonface\Documents\uniflow\uniflow-backend)
2026-04-05 14:33:39 [main] DEBUG com.uniflow.UniflowApplication - Running with Spring Boot v3.2.4, Spring v6.1.5
2026-04-05 14:33:39 [main] INFO  com.uniflow.UniflowApplication - No active profile set, falling back to 1 default profile: "default"
2026-04-05 14:33:40 [main] WARN  o.s.b.w.s.c.AnnotationConfigServletWebServerApplicationContext - Exception encountered during context initialization - cancelling refresh attempt: org.springframework.beans.factory.support.BeanDefinitionOverrideException: Invalid bean definition with name 'authServlet' defined in class path resource [com/uniflow/config/ServletConfig.class]: Cannot register bean definition [Root bean: class [null]; scope=; abstract=false; lazyInit=null; autowireMode=3; dependencyCheck=0; autowireCandidate=true; primary=false; factoryBeanName=servletConfig; factoryMethodName=authServlet; initMethodNames=null; destroyMethodNames=[(inferred)]; defined in class path resource [com/uniflow/config/ServletConfig.class]] for bean 'authServlet' since there is already [Generic bean: class [com.uniflow.servlet.AuthServlet]; scope=singleton; abstract=false; lazyInit=null; autowireMode=0; dependencyCheck=0; autowireCandidate=true; primary=false; factoryBeanName=null; factoryMethodName=null; initMethodNames=null; destroyMethodNames=null; defined in file [C:\Users\bonface\Documents\uniflow\uniflow-backend\target\classes\com\uniflow\servlet\AuthServlet.class]] bound.
2026-04-05 14:33:40 [main] INFO  o.s.b.a.l.ConditionEvaluationReportLogger - 

Error starting ApplicationContext. To display the condition evaluation report re-run your application with 'debug' enabled.
2026-04-05 14:33:41 [main] ERROR o.s.b.d.LoggingFailureAnalysisReporter - 

***************************
APPLICATION FAILED TO START
***************************

Description:

The bean 'authServlet', defined in class path resource [com/uniflow/config/ServletConfig.class], could not be registered. A bean with that name has already been defined in file [C:\Users\bonface\Documents\uniflow\uniflow-backend\target\classes\com\uniflow\servlet\AuthServlet.class] and overriding is disabled.

Action:

Consider renaming one of the beans or enabling overriding by setting spring.main.allow-bean-definition-overriding=true

2026-04-05 15:00:43 [main] INFO  com.uniflow.UniflowApplication - Starting UniflowApplication using Java 21.0.10 with PID 17052 (C:\Users\bonface\Documents\uniflow\uniflow-backend\target\classes started by bonface in C:\Users\bonface\Documents\uniflow\uniflow-backend)
2026-04-05 15:00:43 [main] DEBUG com.uniflow.UniflowApplication - Running with Spring Boot v3.2.4, Spring v6.1.5
2026-04-05 15:00:43 [main] INFO  com.uniflow.UniflowApplication - No active profile set, falling back to 1 default profile: "default"
2026-04-05 15:00:45 [main] INFO  o.s.d.r.c.RepositoryConfigurationDelegate - Bootstrapping Spring Data JPA repositories in DEFAULT mode.
2026-04-05 15:00:45 [main] INFO  o.s.d.r.c.RepositoryConfigurationDelegate - Finished Spring Data repository scanning in 174 ms. Found 9 JPA repository interfaces.
2026-04-05 15:00:46 [main] INFO  o.s.b.w.e.tomcat.TomcatWebServer - Tomcat initialized with port 8080 (http)
2026-04-05 15:00:46 [main] INFO  o.a.catalina.core.StandardService - Starting service [Tomcat]
2026-04-05 15:00:46 [main] INFO  o.a.catalina.core.StandardEngine - Starting Servlet engine: [Apache Tomcat/10.1.19]
2026-04-05 15:00:46 [main] INFO  o.a.c.c.C.[Tomcat].[localhost].[/] - Initializing Spring embedded WebApplicationContext
2026-04-05 15:00:46 [main] INFO  o.s.b.w.s.c.ServletWebServerApplicationContext - Root WebApplicationContext: initialization completed in 3305 ms
2026-04-05 15:00:47 [main] INFO  o.h.jpa.internal.util.LogHelper - HHH000204: Processing PersistenceUnitInfo [name: default]
2026-04-05 15:00:47 [main] INFO  org.hibernate.Version - HHH000412: Hibernate ORM core version 6.4.4.Final
2026-04-05 15:00:47 [main] INFO  o.h.c.i.RegionFactoryInitiator - HHH000026: Second-level cache disabled
2026-04-05 15:00:48 [main] INFO  o.s.o.j.p.SpringPersistenceUnitInfo - No LoadTimeWeaver setup: ignoring JPA class transformer
2026-04-05 15:00:48 [main] INFO  com.zaxxer.hikari.HikariDataSource - UniFlowHikariPool - Starting...
2026-04-05 15:00:53 [main] INFO  com.zaxxer.hikari.pool.HikariPool - UniFlowHikariPool - Added connection org.postgresql.jdbc.PgConnection@7c5c20ed
2026-04-05 15:00:53 [main] INFO  com.zaxxer.hikari.HikariDataSource - UniFlowHikariPool - Start completed.
2026-04-05 15:00:54 [main] WARN  org.hibernate.orm.deprecation - HHH90000025: PostgreSQLDialect does not need to be specified explicitly using 'hibernate.dialect' (remove the property setting and it will be selected by default)
2026-04-05 15:00:57 [main] INFO  o.h.e.t.j.p.i.JtaPlatformInitiator - HHH000489: No JTA platform available (set 'hibernate.transaction.jta.platform' to enable JTA platform integration)
2026-04-05 15:00:59 [main] DEBUG org.hibernate.SQL - 
    alter table if exists venue_equipment 
       add column equipment_name varchar(255)
2026-04-05 15:00:59 [main] DEBUG org.hibernate.SQL - 
    alter table if exists venues 
       add column equipment_home varchar(255)
2026-04-05 15:00:59 [main] DEBUG org.hibernate.SQL - 
    alter table if exists venues 
       add column hasac boolean
2026-04-05 15:01:10 [main] INFO  o.s.o.j.LocalContainerEntityManagerFactoryBean - Initialized JPA EntityManagerFactory for persistence unit 'default'
2026-04-05 15:01:10 [main] INFO  o.s.d.j.r.query.QueryEnhancerFactory - Hibernate is in classpath; If applicable, HQL parser will be used.
2026-04-05 15:01:13 [main] WARN  o.s.b.a.s.s.UserDetailsServiceAutoConfiguration - 

Using generated security password: 07289671-fc78-4c15-a0ec-83cb878db058

This generated password is for development use only. Your security configuration must be updated before running your application in production.

2026-04-05 15:01:13 [main] INFO  o.s.s.web.DefaultSecurityFilterChain - Will secure any request with [org.springframework.security.web.session.DisableEncodeUrlFilter@2b454886, org.springframework.security.web.context.request.async.WebAsyncManagerIntegrationFilter@349a8977, org.springframework.security.web.context.SecurityContextHolderFilter@16adf66f, org.springframework.security.web.header.HeaderWriterFilter@1a2d02d8, org.springframework.web.filter.CorsFilter@4b33b5b0, org.springframework.security.web.csrf.CsrfFilter@2bfe51d5, org.springframework.security.web.authentication.logout.LogoutFilter@7cb040b7, org.springframework.security.web.authentication.UsernamePasswordAuthenticationFilter@5d05bb29, org.springframework.security.web.authentication.ui.DefaultLoginPageGeneratingFilter@2dad6fc9, org.springframework.security.web.authentication.ui.DefaultLogoutPageGeneratingFilter@ed37f28, org.springframework.security.web.authentication.www.BasicAuthenticationFilter@3c247c8d, org.springframework.security.web.savedrequest.RequestCacheAwareFilter@24f1d4f3, org.springframework.security.web.servletapi.SecurityContextHolderAwareRequestFilter@7fa1c05f, org.springframework.security.web.authentication.AnonymousAuthenticationFilter@f53070c, org.springframework.security.web.access.ExceptionTranslationFilter@664e8bb7, org.springframework.security.web.access.intercept.AuthorizationFilter@6022cf7e]
2026-04-05 15:01:14 [main] INFO  o.s.b.w.e.tomcat.TomcatWebServer - Tomcat started on port 8080 (http) with context path ''
2026-04-05 15:01:14 [main] INFO  com.uniflow.UniflowApplication - Started UniflowApplication in 31.762 seconds (process running for 32.601)
2026-04-05 15:01:14 [main] DEBUG org.hibernate.SQL - 
    select
        count(*) 
    from
        users u1_0
2026-04-05 15:01:15 [main] DEBUG org.hibernate.SQL - 
    insert 
    into
        users
        (created_at, department, email, is_active, last_login, name, password, phone_number, role, updated_at) 
    values
        (?, ?, ?, ?, ?, ?, ?, ?, ?, ?)
2026-04-05 15:01:15 [main] DEBUG org.hibernate.SQL - 
    insert 
    into
        users
        (created_at, department, email, is_active, last_login, name, password, phone_number, role, updated_at) 
    values
        (?, ?, ?, ?, ?, ?, ?, ?, ?, ?)
2026-04-05 15:01:16 [main] DEBUG org.hibernate.SQL - 
    insert 
    into
        users
        (created_at, department, email, is_active, last_login, name, password, phone_number, role, updated_at) 
    values
        (?, ?, ?, ?, ?, ?, ?, ?, ?, ?)
2026-04-05 15:01:16 [main] DEBUG org.hibernate.SQL - 
    insert 
    into
        users
        (created_at, department, email, is_active, last_login, name, password, phone_number, role, updated_at) 
    values
        (?, ?, ?, ?, ?, ?, ?, ?, ?, ?)
2026-04-05 15:01:17 [main] DEBUG org.hibernate.SQL - 
    insert 
    into
        users
        (created_at, department, email, is_active, last_login, name, password, phone_number, role, updated_at) 
    values
        (?, ?, ?, ?, ?, ?, ?, ?, ?, ?)
2026-04-05 15:01:17 [main] DEBUG org.hibernate.SQL - 
    select
        count(*) 
    from
        venues v1_0
2026-04-05 15:01:17 [main] DEBUG org.hibernate.SQL - 
    insert 
    into
        venues
        (building, capacity, created_at, description, equipment_home, floor, hasac, has_projector, has_whiteboard, latitude, location, longitude, name, resource_home, status, updated_at) 
    values
        (?, ?, ?, ?, ?, ?, ?, ?, ?, ?, ?, ?, ?, ?, ?, ?)
2026-04-05 15:01:18 [main] DEBUG org.hibernate.SQL - 
    insert 
    into
        venues
        (building, capacity, created_at, description, equipment_home, floor, hasac, has_projector, has_whiteboard, latitude, location, longitude, name, resource_home, status, updated_at) 
    values
        (?, ?, ?, ?, ?, ?, ?, ?, ?, ?, ?, ?, ?, ?, ?, ?)
2026-04-05 15:01:18 [main] DEBUG org.hibernate.SQL - 
    insert 
    into
        venues
        (building, capacity, created_at, description, equipment_home, floor, hasac, has_projector, has_whiteboard, latitude, location, longitude, name, resource_home, status, updated_at) 
    values
        (?, ?, ?, ?, ?, ?, ?, ?, ?, ?, ?, ?, ?, ?, ?, ?)
2026-04-05 15:01:19 [main] DEBUG org.hibernate.SQL - 
    insert 
    into
        venues
        (building, capacity, created_at, description, equipment_home, floor, hasac, has_projector, has_whiteboard, latitude, location, longitude, name, resource_home, status, updated_at) 
    values
        (?, ?, ?, ?, ?, ?, ?, ?, ?, ?, ?, ?, ?, ?, ?, ?)
2026-04-05 15:01:19 [main] DEBUG org.hibernate.SQL - 
    insert 
    into
        venues
        (building, capacity, created_at, description, equipment_home, floor, hasac, has_projector, has_whiteboard, latitude, location, longitude, name, resource_home, status, updated_at) 
    values
        (?, ?, ?, ?, ?, ?, ?, ?, ?, ?, ?, ?, ?, ?, ?, ?)
2026-04-05 15:01:19 [main] DEBUG org.hibernate.SQL - 
    insert 
    into
        venues
        (building, capacity, created_at, description, equipment_home, floor, hasac, has_projector, has_whiteboard, latitude, location, longitude, name, resource_home, status, updated_at) 
    values
        (?, ?, ?, ?, ?, ?, ?, ?, ?, ?, ?, ?, ?, ?, ?, ?)
2026-04-05 15:01:20 [main] DEBUG org.hibernate.SQL - 
    insert 
    into
        venues
        (building, capacity, created_at, description, equipment_home, floor, hasac, has_projector, has_whiteboard, latitude, location, longitude, name, resource_home, status, updated_at) 
    values
        (?, ?, ?, ?, ?, ?, ?, ?, ?, ?, ?, ?, ?, ?, ?, ?)
2026-04-05 15:01:21 [main] DEBUG org.hibernate.SQL - 
    insert 
    into
        venues
        (building, capacity, created_at, description, equipment_home, floor, hasac, has_projector, has_whiteboard, latitude, location, longitude, name, resource_home, status, updated_at) 
    values
        (?, ?, ?, ?, ?, ?, ?, ?, ?, ?, ?, ?, ?, ?, ?, ?)
2026-04-05 15:01:21 [main] DEBUG org.hibernate.SQL - 
    insert 
    into
        venues
        (building, capacity, created_at, description, equipment_home, floor, hasac, has_projector, has_whiteboard, latitude, location, longitude, name, resource_home, status, updated_at) 
    values
        (?, ?, ?, ?, ?, ?, ?, ?, ?, ?, ?, ?, ?, ?, ?, ?)
2026-04-05 15:01:22 [main] DEBUG org.hibernate.SQL - 
    insert 
    into
        venues
        (building, capacity, created_at, description, equipment_home, floor, hasac, has_projector, has_whiteboard, latitude, location, longitude, name, resource_home, status, updated_at) 
    values
        (?, ?, ?, ?, ?, ?, ?, ?, ?, ?, ?, ?, ?, ?, ?, ?)
2026-04-05 15:01:23 [main] DEBUG org.hibernate.SQL - 
    insert 
    into
        venues
        (building, capacity, created_at, description, equipment_home, floor, hasac, has_projector, has_whiteboard, latitude, location, longitude, name, resource_home, status, updated_at) 
    values
        (?, ?, ?, ?, ?, ?, ?, ?, ?, ?, ?, ?, ?, ?, ?, ?)
2026-04-05 15:01:23 [main] DEBUG org.hibernate.SQL - 
    insert 
    into
        venues
        (building, capacity, created_at, description, equipment_home, floor, hasac, has_projector, has_whiteboard, latitude, location, longitude, name, resource_home, status, updated_at) 
    values
        (?, ?, ?, ?, ?, ?, ?, ?, ?, ?, ?, ?, ?, ?, ?, ?)
2026-04-05 15:01:24 [main] DEBUG org.hibernate.SQL - 
    insert 
    into
        venues
        (building, capacity, created_at, description, equipment_home, floor, hasac, has_projector, has_whiteboard, latitude, location, longitude, name, resource_home, status, updated_at) 
    values
        (?, ?, ?, ?, ?, ?, ?, ?, ?, ?, ?, ?, ?, ?, ?, ?)
2026-04-05 15:01:25 [main] DEBUG org.hibernate.SQL - 
    insert 
    into
        venues
        (building, capacity, created_at, description, equipment_home, floor, hasac, has_projector, has_whiteboard, latitude, location, longitude, name, resource_home, status, updated_at) 
    values
        (?, ?, ?, ?, ?, ?, ?, ?, ?, ?, ?, ?, ?, ?, ?, ?)
2026-04-05 15:01:26 [main] DEBUG org.hibernate.SQL - 
    insert 
    into
        venues
        (building, capacity, created_at, description, equipment_home, floor, hasac, has_projector, has_whiteboard, latitude, location, longitude, name, resource_home, status, updated_at) 
    values
        (?, ?, ?, ?, ?, ?, ?, ?, ?, ?, ?, ?, ?, ?, ?, ?)
2026-04-05 15:01:26 [main] DEBUG org.hibernate.SQL - 
    insert 
    into
        venues
        (building, capacity, created_at, description, equipment_home, floor, hasac, has_projector, has_whiteboard, latitude, location, longitude, name, resource_home, status, updated_at) 
    values
        (?, ?, ?, ?, ?, ?, ?, ?, ?, ?, ?, ?, ?, ?, ?, ?)
2026-04-05 15:01:27 [main] DEBUG org.hibernate.SQL - 
    insert 
    into
        venues
        (building, capacity, created_at, description, equipment_home, floor, hasac, has_projector, has_whiteboard, latitude, location, longitude, name, resource_home, status, updated_at) 
    values
        (?, ?, ?, ?, ?, ?, ?, ?, ?, ?, ?, ?, ?, ?, ?, ?)
2026-04-05 15:01:28 [main] DEBUG org.hibernate.SQL - 
    insert 
    into
        venues
        (building, capacity, created_at, description, equipment_home, floor, hasac, has_projector, has_whiteboard, latitude, location, longitude, name, resource_home, status, updated_at) 
    values
        (?, ?, ?, ?, ?, ?, ?, ?, ?, ?, ?, ?, ?, ?, ?, ?)
2026-04-05 15:01:28 [main] DEBUG org.hibernate.SQL - 
    insert 
    into
        venues
        (building, capacity, created_at, description, equipment_home, floor, hasac, has_projector, has_whiteboard, latitude, location, longitude, name, resource_home, status, updated_at) 
    values
        (?, ?, ?, ?, ?, ?, ?, ?, ?, ?, ?, ?, ?, ?, ?, ?)
2026-04-05 15:01:29 [main] DEBUG org.hibernate.SQL - 
    select
        count(*) 
    from
        venues v1_0
2026-04-05 15:01:29 [main] DEBUG org.hibernate.SQL - 
    select
        count(*) 
    from
        course_units cu1_0
2026-04-05 15:01:29 [main] DEBUG org.hibernate.SQL - 
    insert 
    into
        course_units
        (code, created_at, credits, department, description, is_core, name, updated_at) 
    values
        (?, ?, ?, ?, ?, ?, ?, ?)
2026-04-05 15:01:30 [main] DEBUG org.hibernate.SQL - 
    insert 
    into
        course_units
        (code, created_at, credits, department, description, is_core, name, updated_at) 
    values
        (?, ?, ?, ?, ?, ?, ?, ?)
2026-04-05 15:01:30 [main] DEBUG org.hibernate.SQL - 
    insert 
    into
        course_units
        (code, created_at, credits, department, description, is_core, name, updated_at) 
    values
        (?, ?, ?, ?, ?, ?, ?, ?)
2026-04-05 15:01:30 [main] DEBUG org.hibernate.SQL - 
    insert 
    into
        course_units
        (code, created_at, credits, department, description, is_core, name, updated_at) 
    values
        (?, ?, ?, ?, ?, ?, ?, ?)
2026-04-05 15:01:31 [main] DEBUG org.hibernate.SQL - 
    insert 
    into
        course_units
        (code, created_at, credits, department, description, is_core, name, updated_at) 
    values
        (?, ?, ?, ?, ?, ?, ?, ?)
2026-04-05 15:01:31 [main] DEBUG org.hibernate.SQL - 
    insert 
    into
        course_units
        (code, created_at, credits, department, description, is_core, name, updated_at) 
    values
        (?, ?, ?, ?, ?, ?, ?, ?)
2026-04-05 15:01:32 [main] DEBUG org.hibernate.SQL - 
    insert 
    into
        course_units
        (code, created_at, credits, department, description, is_core, name, updated_at) 
    values
        (?, ?, ?, ?, ?, ?, ?, ?)
2026-04-05 15:01:32 [main] DEBUG org.hibernate.SQL - 
    insert 
    into
        course_units
        (code, created_at, credits, department, description, is_core, name, updated_at) 
    values
        (?, ?, ?, ?, ?, ?, ?, ?)
2026-04-05 15:01:33 [main] DEBUG org.hibernate.SQL - 
    insert 
    into
        course_units
        (code, created_at, credits, department, description, is_core, name, updated_at) 
    values
        (?, ?, ?, ?, ?, ?, ?, ?)
2026-04-05 15:01:34 [main] DEBUG org.hibernate.SQL - 
    select
        count(*) 
    from
        course_units cu1_0
2026-04-05 15:01:34 [main] DEBUG org.hibernate.SQL - 
    select
        count(*) 
    from
        users u1_0
2026-04-05 15:01:34 [main] DEBUG org.hibernate.SQL - 
    select
        count(*) 
    from
        venues v1_0
2026-04-05 15:01:35 [main] DEBUG org.hibernate.SQL - 
    select
        count(*) 
    from
        course_units cu1_0
2026-04-05 15:02:17 [SpringApplicationShutdownHook] INFO  o.s.o.j.LocalContainerEntityManagerFactoryBean - Closing JPA EntityManagerFactory for persistence unit 'default'
2026-04-05 15:02:17 [SpringApplicationShutdownHook] INFO  com.zaxxer.hikari.HikariDataSource - UniFlowHikariPool - Shutdown initiated...
2026-04-05 15:02:19 [SpringApplicationShutdownHook] INFO  com.zaxxer.hikari.HikariDataSource - UniFlowHikariPool - Shutdown completed.
2026-04-05 15:05:15 [main] INFO  com.uniflow.UniflowApplication - Starting UniflowApplication using Java 21.0.10 with PID 3952 (C:\Users\bonface\Documents\uniflow\uniflow-backend\target\classes started by bonface in C:\Users\bonface\Documents\uniflow\uniflow-backend)
2026-04-05 15:05:15 [main] DEBUG com.uniflow.UniflowApplication - Running with Spring Boot v3.2.4, Spring v6.1.5
2026-04-05 15:05:15 [main] INFO  com.uniflow.UniflowApplication - No active profile set, falling back to 1 default profile: "default"
2026-04-05 15:05:16 [main] INFO  o.s.d.r.c.RepositoryConfigurationDelegate - Bootstrapping Spring Data JPA repositories in DEFAULT mode.
2026-04-05 15:05:16 [main] INFO  o.s.d.r.c.RepositoryConfigurationDelegate - Finished Spring Data repository scanning in 149 ms. Found 9 JPA repository interfaces.
2026-04-05 15:05:17 [main] INFO  o.s.b.w.e.tomcat.TomcatWebServer - Tomcat initialized with port 8080 (http)
2026-04-05 15:05:17 [main] INFO  o.a.catalina.core.StandardService - Starting service [Tomcat]
2026-04-05 15:05:17 [main] INFO  o.a.catalina.core.StandardEngine - Starting Servlet engine: [Apache Tomcat/10.1.19]
2026-04-05 15:05:18 [main] INFO  o.a.c.c.C.[Tomcat].[localhost].[/] - Initializing Spring embedded WebApplicationContext
2026-04-05 15:05:18 [main] INFO  o.s.b.w.s.c.ServletWebServerApplicationContext - Root WebApplicationContext: initialization completed in 2793 ms
2026-04-05 15:05:18 [main] INFO  o.h.jpa.internal.util.LogHelper - HHH000204: Processing PersistenceUnitInfo [name: default]
2026-04-05 15:05:18 [main] INFO  org.hibernate.Version - HHH000412: Hibernate ORM core version 6.4.4.Final
2026-04-05 15:05:18 [main] INFO  o.h.c.i.RegionFactoryInitiator - HHH000026: Second-level cache disabled
2026-04-05 15:05:19 [main] INFO  o.s.o.j.p.SpringPersistenceUnitInfo - No LoadTimeWeaver setup: ignoring JPA class transformer
2026-04-05 15:05:19 [main] INFO  com.zaxxer.hikari.HikariDataSource - UniFlowHikariPool - Starting...
2026-04-05 15:05:23 [main] INFO  com.zaxxer.hikari.pool.HikariPool - UniFlowHikariPool - Added connection org.postgresql.jdbc.PgConnection@1f7336b2
2026-04-05 15:05:23 [main] INFO  com.zaxxer.hikari.HikariDataSource - UniFlowHikariPool - Start completed.
2026-04-05 15:05:23 [main] WARN  org.hibernate.orm.deprecation - HHH90000025: PostgreSQLDialect does not need to be specified explicitly using 'hibernate.dialect' (remove the property setting and it will be selected by default)
2026-04-05 15:05:26 [main] INFO  o.h.e.t.j.p.i.JtaPlatformInitiator - HHH000489: No JTA platform available (set 'hibernate.transaction.jta.platform' to enable JTA platform integration)
2026-04-05 15:05:38 [main] INFO  o.s.o.j.LocalContainerEntityManagerFactoryBean - Initialized JPA EntityManagerFactory for persistence unit 'default'
2026-04-05 15:05:38 [main] INFO  o.s.d.j.r.query.QueryEnhancerFactory - Hibernate is in classpath; If applicable, HQL parser will be used.
2026-04-05 15:05:41 [main] WARN  o.s.b.a.s.s.UserDetailsServiceAutoConfiguration - 

Using generated security password: 982d45b6-8064-42be-a8f2-d180c77a65e9

This generated password is for development use only. Your security configuration must be updated before running your application in production.

2026-04-05 15:05:41 [main] INFO  o.s.s.web.DefaultSecurityFilterChain - Will secure any request with [org.springframework.security.web.session.DisableEncodeUrlFilter@25af233d, org.springframework.security.web.context.request.async.WebAsyncManagerIntegrationFilter@345f429, org.springframework.security.web.context.SecurityContextHolderFilter@52031e42, org.springframework.security.web.header.HeaderWriterFilter@1be551ec, org.springframework.web.filter.CorsFilter@3464d24c, org.springframework.security.web.csrf.CsrfFilter@664e8bb7, org.springframework.security.web.authentication.logout.LogoutFilter@79009bde, org.springframework.security.web.authentication.UsernamePasswordAuthenticationFilter@f53070c, org.springframework.security.web.authentication.ui.DefaultLoginPageGeneratingFilter@66dad66f, org.springframework.security.web.authentication.ui.DefaultLogoutPageGeneratingFilter@341f2f4c, org.springframework.security.web.authentication.www.BasicAuthenticationFilter@9b5ff2e, org.springframework.security.web.savedrequest.RequestCacheAwareFilter@68938ccf, org.springframework.security.web.servletapi.SecurityContextHolderAwareRequestFilter@6cdfd50a, org.springframework.security.web.authentication.AnonymousAuthenticationFilter@68754439, org.springframework.security.web.access.ExceptionTranslationFilter@167650f8, org.springframework.security.web.access.intercept.AuthorizationFilter@ed37f28]
2026-04-05 15:05:41 [main] INFO  o.s.b.w.e.tomcat.TomcatWebServer - Tomcat started on port 8080 (http) with context path ''
2026-04-05 15:05:41 [main] INFO  com.uniflow.UniflowApplication - Started UniflowApplication in 27.493 seconds (process running for 28.191)
2026-04-05 15:05:42 [main] DEBUG org.hibernate.SQL - 
    select
        count(*) 
    from
        users u1_0
2026-04-05 15:05:42 [main] DEBUG org.hibernate.SQL - 
    select
        count(*) 
    from
        venues v1_0
2026-04-05 15:05:42 [main] DEBUG org.hibernate.SQL - 
    select
        count(*) 
    from
        course_units cu1_0
2026-04-05 15:05:43 [main] DEBUG org.hibernate.SQL - 
    select
        count(*) 
    from
        users u1_0
2026-04-05 15:05:43 [main] DEBUG org.hibernate.SQL - 
    select
        count(*) 
    from
        venues v1_0
2026-04-05 15:05:44 [main] DEBUG org.hibernate.SQL - 
    select
        count(*) 
    from
        course_units cu1_0
2026-04-05 15:09:54 [SpringApplicationShutdownHook] INFO  o.s.o.j.LocalContainerEntityManagerFactoryBean - Closing JPA EntityManagerFactory for persistence unit 'default'
2026-04-05 15:09:54 [SpringApplicationShutdownHook] INFO  com.zaxxer.hikari.HikariDataSource - UniFlowHikariPool - Shutdown initiated...
2026-04-05 15:10:39 [main] INFO  com.uniflow.UniflowApplication - Starting UniflowApplication using Java 21.0.10 with PID 13316 (C:\Users\bonface\Documents\uniflow\uniflow-backend\target\classes started by bonface in C:\Users\bonface\Documents\uniflow\uniflow-backend)
2026-04-05 15:10:39 [main] DEBUG com.uniflow.UniflowApplication - Running with Spring Boot v3.2.4, Spring v6.1.5
2026-04-05 15:10:39 [main] INFO  com.uniflow.UniflowApplication - No active profile set, falling back to 1 default profile: "default"
2026-04-05 15:10:40 [main] INFO  o.s.d.r.c.RepositoryConfigurationDelegate - Bootstrapping Spring Data JPA repositories in DEFAULT mode.
2026-04-05 15:10:41 [main] INFO  o.s.d.r.c.RepositoryConfigurationDelegate - Finished Spring Data repository scanning in 152 ms. Found 9 JPA repository interfaces.
2026-04-05 15:10:42 [main] INFO  o.s.b.w.e.tomcat.TomcatWebServer - Tomcat initialized with port 8080 (http)
2026-04-05 15:10:42 [main] INFO  o.a.catalina.core.StandardService - Starting service [Tomcat]
2026-04-05 15:10:42 [main] INFO  o.a.catalina.core.StandardEngine - Starting Servlet engine: [Apache Tomcat/10.1.19]
2026-04-05 15:10:42 [main] INFO  o.a.c.c.C.[Tomcat].[localhost].[/] - Initializing Spring embedded WebApplicationContext
2026-04-05 15:10:42 [main] INFO  o.s.b.w.s.c.ServletWebServerApplicationContext - Root WebApplicationContext: initialization completed in 2910 ms
2026-04-05 15:10:42 [main] INFO  o.h.jpa.internal.util.LogHelper - HHH000204: Processing PersistenceUnitInfo [name: default]
2026-04-05 15:10:42 [main] INFO  org.hibernate.Version - HHH000412: Hibernate ORM core version 6.4.4.Final
2026-04-05 15:10:42 [main] INFO  o.h.c.i.RegionFactoryInitiator - HHH000026: Second-level cache disabled
2026-04-05 15:10:43 [main] INFO  o.s.o.j.p.SpringPersistenceUnitInfo - No LoadTimeWeaver setup: ignoring JPA class transformer
2026-04-05 15:10:43 [main] INFO  com.zaxxer.hikari.HikariDataSource - UniFlowHikariPool - Starting...
2026-04-05 15:10:48 [main] INFO  com.zaxxer.hikari.pool.HikariPool - UniFlowHikariPool - Added connection org.postgresql.jdbc.PgConnection@69fe7090
2026-04-05 15:10:48 [main] INFO  com.zaxxer.hikari.HikariDataSource - UniFlowHikariPool - Start completed.
2026-04-05 15:10:48 [main] WARN  org.hibernate.orm.deprecation - HHH90000025: PostgreSQLDialect does not need to be specified explicitly using 'hibernate.dialect' (remove the property setting and it will be selected by default)
2026-04-05 15:10:51 [main] INFO  o.h.e.t.j.p.i.JtaPlatformInitiator - HHH000489: No JTA platform available (set 'hibernate.transaction.jta.platform' to enable JTA platform integration)
2026-04-05 15:11:05 [main] INFO  o.s.o.j.LocalContainerEntityManagerFactoryBean - Initialized JPA EntityManagerFactory for persistence unit 'default'
2026-04-05 15:11:06 [main] INFO  o.s.d.j.r.query.QueryEnhancerFactory - Hibernate is in classpath; If applicable, HQL parser will be used.
2026-04-05 15:11:08 [main] WARN  o.s.b.a.s.s.UserDetailsServiceAutoConfiguration - 

Using generated security password: 672efa05-bc88-4603-a8d4-e5857fb97308

This generated password is for development use only. Your security configuration must be updated before running your application in production.

2026-04-05 15:11:08 [main] INFO  o.s.s.web.DefaultSecurityFilterChain - Will secure any request with [org.springframework.security.web.session.DisableEncodeUrlFilter@25af233d, org.springframework.security.web.context.request.async.WebAsyncManagerIntegrationFilter@345f429, org.springframework.security.web.context.SecurityContextHolderFilter@52031e42, org.springframework.security.web.header.HeaderWriterFilter@1be551ec, org.springframework.web.filter.CorsFilter@3464d24c, org.springframework.security.web.csrf.CsrfFilter@664e8bb7, org.springframework.security.web.authentication.logout.LogoutFilter@79009bde, org.springframework.security.web.authentication.UsernamePasswordAuthenticationFilter@f53070c, org.springframework.security.web.authentication.ui.DefaultLoginPageGeneratingFilter@66dad66f, org.springframework.security.web.authentication.ui.DefaultLogoutPageGeneratingFilter@341f2f4c, org.springframework.security.web.authentication.www.BasicAuthenticationFilter@9b5ff2e, org.springframework.security.web.savedrequest.RequestCacheAwareFilter@68938ccf, org.springframework.security.web.servletapi.SecurityContextHolderAwareRequestFilter@6cdfd50a, org.springframework.security.web.authentication.AnonymousAuthenticationFilter@68754439, org.springframework.security.web.access.ExceptionTranslationFilter@167650f8, org.springframework.security.web.access.intercept.AuthorizationFilter@ed37f28]
2026-04-05 15:11:08 [main] INFO  o.s.b.w.e.tomcat.TomcatWebServer - Tomcat started on port 8080 (http) with context path ''
2026-04-05 15:11:08 [main] INFO  com.uniflow.UniflowApplication - Started UniflowApplication in 30.765 seconds (process running for 31.568)
2026-04-05 15:11:09 [main] DEBUG org.hibernate.SQL - 
    select
        count(*) 
    from
        users u1_0
2026-04-05 15:11:09 [main] DEBUG org.hibernate.SQL - 
    select
        count(*) 
    from
        venues v1_0
2026-04-05 15:11:10 [main] DEBUG org.hibernate.SQL - 
    select
        count(*) 
    from
        course_units cu1_0
2026-04-05 15:11:10 [main] DEBUG org.hibernate.SQL - 
    select
        count(*) 
    from
        users u1_0
2026-04-05 15:11:10 [main] DEBUG org.hibernate.SQL - 
    select
        count(*) 
    from
        venues v1_0
2026-04-05 15:11:11 [main] DEBUG org.hibernate.SQL - 
    select
        count(*) 
    from
        course_units cu1_0
2026-04-05 15:15:14 [SpringApplicationShutdownHook] INFO  o.s.o.j.LocalContainerEntityManagerFactoryBean - Closing JPA EntityManagerFactory for persistence unit 'default'
2026-04-05 15:15:14 [SpringApplicationShutdownHook] INFO  com.zaxxer.hikari.HikariDataSource - UniFlowHikariPool - Shutdown initiated...
2026-04-05 15:15:15 [SpringApplicationShutdownHook] INFO  com.zaxxer.hikari.HikariDataSource - UniFlowHikariPool - Shutdown completed.
